<?xml version="1.0" encoding="UTF-8"?>
<testng-results total="1" passed="1" failed="0" skipped="0">
  <reporter-output>
  </reporter-output>
  <suite started-at="2022-06-15T12:15:33Z" name="TestSuite" finished-at="2022-06-15T12:15:50Z" duration-ms="16187">
    <groups>
    </groups>
    <test started-at="2022-06-15T12:15:33Z" name="Test" finished-at="2022-06-15T12:15:50Z" duration-ms="16187">
      <class name="pk_OrangeHRM.OrangeHRM_Login_TestNG">
        <test-method signature="Login_Test()[pri:0, instance:pk_OrangeHRM.OrangeHRM_Login_TestNG@74751b3]" started-at="2022-06-15T17:45:34Z" name="Login_Test" finished-at="2022-06-15T17:45:50Z" duration-ms="16163" status="PASS">
          <reporter-output>
          </reporter-output>
        </test-method> <!-- Login_Test -->
      </class> <!-- pk_OrangeHRM.OrangeHRM_Login_TestNG -->
    </test> <!-- Test -->
  </suite> <!-- TestSuite -->
</testng-results>
