<?xml version="1.0" encoding="UTF-8"?>
<testng-results ignored="0" total="1" passed="1" failed="0" skipped="0">
  <reporter-output>
  </reporter-output>
  <suite started-at="2022-06-15T17:39:01 IST" name="TestSuite" finished-at="2022-06-15T17:39:28 IST" duration-ms="27027">
    <groups>
    </groups>
    <test started-at="2022-06-15T17:39:01 IST" name="Test" finished-at="2022-06-15T17:39:28 IST" duration-ms="27027">
      <class name="pk_OrangeHRM.OrangeHRM_Login_TestNG">
        <test-method signature="Login_Test()[pri:0, instance:pk_OrangeHRM.OrangeHRM_Login_TestNG@42e99e4a]" started-at="2022-06-15T17:39:01 IST" name="Login_Test" finished-at="2022-06-15T17:39:28 IST" duration-ms="26900" status="PASS">
          <reporter-output>
          </reporter-output>
        </test-method> <!-- Login_Test -->
      </class> <!-- pk_OrangeHRM.OrangeHRM_Login_TestNG -->
    </test> <!-- Test -->
  </suite> <!-- TestSuite -->
</testng-results>
